<?xml version="1.0" encoding="UTF-8"?>
<coverage generated="1668622035372" clover="3.2.0">
  <project timestamp="1668622035373" name="All files">
    <metrics statements="52" coveredstatements="52" conditionals="50" coveredconditionals="45" methods="8" coveredmethods="8" elements="110" coveredelements="105" complexity="0" loc="52" ncloc="52" packages="1" files="1" classes="1"/>
    <file name="index.js" path="/Users/mohamedlamineallal/repos/babel-plugin-mmodule-resolver-tsconfig/lib/index.js">
      <metrics statements="52" coveredstatements="52" conditionals="50" coveredconditionals="45" methods="8" coveredmethods="8"/>
      <line num="1" count="1" type="stmt"/>
      <line num="2" count="1" type="stmt"/>
      <line num="3" count="1" type="stmt"/>
      <line num="5" count="1" type="cond" truecount="1" falsecount="1"/>
      <line num="8" count="36" type="stmt"/>
      <line num="12" count="11" type="cond" truecount="2" falsecount="0"/>
      <line num="13" count="1" type="stmt"/>
      <line num="15" count="10" type="stmt"/>
      <line num="19" count="3" type="stmt"/>
      <line num="22" count="3" type="cond" truecount="2" falsecount="0"/>
      <line num="23" count="2" type="stmt"/>
      <line num="24" count="2" type="cond" truecount="2" falsecount="0"/>
      <line num="25" count="1" type="stmt"/>
      <line num="27" count="1" type="stmt"/>
      <line num="36" count="1" type="cond" truecount="1" falsecount="1"/>
      <line num="40" count="13" type="stmt"/>
      <line num="42" count="13" type="stmt"/>
      <line num="47" count="13" type="cond" truecount="4" falsecount="0"/>
      <line num="48" count="2" type="stmt"/>
      <line num="49" count="2" type="cond" truecount="2" falsecount="0"/>
      <line num="50" count="1" type="stmt"/>
      <line num="52" count="1" type="cond" truecount="1" falsecount="1"/>
      <line num="56" count="11" type="stmt"/>
      <line num="57" count="11" type="cond" truecount="4" falsecount="0"/>
      <line num="58" count="2" type="stmt"/>
      <line num="59" count="9" type="cond" truecount="4" falsecount="0"/>
      <line num="60" count="1" type="stmt"/>
      <line num="63" count="11" type="cond" truecount="2" falsecount="0"/>
      <line num="67" count="10" type="stmt"/>
      <line num="70" count="11" type="stmt"/>
      <line num="74" count="25" type="cond" truecount="2" falsecount="0"/>
      <line num="75" count="12" type="stmt"/>
      <line num="82" count="13" type="stmt"/>
      <line num="96" count="14" type="stmt"/>
      <line num="98" count="14" type="cond" truecount="4" falsecount="0"/>
      <line num="99" count="11" type="stmt"/>
      <line num="105" count="14" type="cond" truecount="2" falsecount="0"/>
      <line num="107" count="14" type="cond" truecount="2" falsecount="0"/>
      <line num="108" count="1" type="stmt"/>
      <line num="111" count="13" type="stmt"/>
      <line num="113" count="13" type="stmt"/>
      <line num="116" count="13" type="stmt"/>
      <line num="118" count="13" type="cond" truecount="1" falsecount="1"/>
      <line num="119" count="13" type="stmt"/>
      <line num="123" count="13" type="cond" truecount="3" falsecount="1"/>
      <line num="124" count="13" type="stmt"/>
      <line num="127" count="26" type="cond" truecount="2" falsecount="0"/>
      <line num="128" count="25" type="stmt"/>
      <line num="134" count="1" type="stmt"/>
      <line num="139" count="12" type="stmt"/>
      <line num="145" count="12" type="stmt"/>
      <line num="154" count="1" type="stmt"/>
    </file>
  </project>
</coverage>
