{"/Users/mohamedlamineallal/repos/babel-plugin-mmodule-resolver-tsconfig/lib/index.js": {"path":"/Users/mohamedlamineallal/repos/babel-plugin-mmodule-resolver-tsconfig/lib/index.js","statementMap":{"0":{"start":{"line":1,"column":13},"end":{"line":1,"column":28}},"1":{"start":{"line":2,"column":11},"end":{"line":2,"column":24}},"2":{"start":{"line":3,"column":14},"end":{"line":3,"column":30}},"3":{"start":{"line":5,"column":12},"end":{"line":5,"column":44}},"4":{"start":{"line":8,"column":2},"end":{"line":8,"column":40}},"5":{"start":{"line":12,"column":2},"end":{"line":14,"column":3}},"6":{"start":{"line":13,"column":4},"end":{"line":13,"column":44}},"7":{"start":{"line":15,"column":2},"end":{"line":15,"column":13}},"8":{"start":{"line":19,"column":29},"end":{"line":19,"column":66}},"9":{"start":{"line":22,"column":2},"end":{"line":30,"column":3}},"10":{"start":{"line":23,"column":32},"end":{"line":23,"column":68}},"11":{"start":{"line":24,"column":4},"end":{"line":26,"column":5}},"12":{"start":{"line":25,"column":6},"end":{"line":25,"column":47}},"13":{"start":{"line":27,"column":4},"end":{"line":29,"column":6}},"14":{"start":{"line":36,"column":2},"end":{"line":36,"column":53}},"15":{"start":{"line":40,"column":26},"end":{"line":40,"column":77}},"16":{"start":{"line":42,"column":2},"end":{"line":42,"column":38}},"17":{"start":{"line":47,"column":2},"end":{"line":53,"column":3}},"18":{"start":{"line":48,"column":17},"end":{"line":48,"column":62}},"19":{"start":{"line":49,"column":4},"end":{"line":51,"column":5}},"20":{"start":{"line":50,"column":6},"end":{"line":50,"column":18}},"21":{"start":{"line":52,"column":4},"end":{"line":52,"column":30}},"22":{"start":{"line":56,"column":13},"end":{"line":56,"column":15}},"23":{"start":{"line":57,"column":2},"end":{"line":61,"column":3}},"24":{"start":{"line":58,"column":4},"end":{"line":58,"column":25}},"25":{"start":{"line":59,"column":9},"end":{"line":61,"column":3}},"26":{"start":{"line":60,"column":4},"end":{"line":60,"column":28}},"27":{"start":{"line":63,"column":2},"end":{"line":68,"column":3}},"28":{"start":{"line":67,"column":4},"end":{"line":67,"column":48}},"29":{"start":{"line":70,"column":2},"end":{"line":70,"column":14}},"30":{"start":{"line":74,"column":2},"end":{"line":78,"column":3}},"31":{"start":{"line":75,"column":4},"end":{"line":77,"column":6}},"32":{"start":{"line":82,"column":2},"end":{"line":84,"column":4}},"33":{"start":{"line":96,"column":40},"end":{"line":96,"column":46}},"34":{"start":{"line":98,"column":2},"end":{"line":103,"column":3}},"35":{"start":{"line":99,"column":4},"end":{"line":102,"column":6}},"36":{"start":{"line":105,"column":2},"end":{"line":105,"column":74}},"37":{"start":{"line":107,"column":2},"end":{"line":109,"column":3}},"38":{"start":{"line":108,"column":4},"end":{"line":108,"column":53}},"39":{"start":{"line":111,"column":19},"end":{"line":111,"column":53}},"40":{"start":{"line":113,"column":23},"end":{"line":113,"column":25}},"41":{"start":{"line":116,"column":15},"end":{"line":116,"column":48}},"42":{"start":{"line":118,"column":2},"end":{"line":120,"column":3}},"43":{"start":{"line":119,"column":4},"end":{"line":119,"column":29}},"44":{"start":{"line":123,"column":2},"end":{"line":143,"column":3}},"45":{"start":{"line":124,"column":35},"end":{"line":137,"column":10}},"46":{"start":{"line":127,"column":6},"end":{"line":132,"column":7}},"47":{"start":{"line":128,"column":8},"end":{"line":131,"column":10}},"48":{"start":{"line":134,"column":6},"end":{"line":136,"column":8}},"49":{"start":{"line":139,"column":4},"end":{"line":142,"column":6}},"50":{"start":{"line":145,"column":2},"end":{"line":151,"column":4}},"51":{"start":{"line":154,"column":0},"end":{"line":157,"column":2}}},"fnMap":{"0":{"name":"last","decl":{"start":{"line":7,"column":9},"end":{"line":7,"column":13}},"loc":{"start":{"line":7,"column":33},"end":{"line":9,"column":1}},"line":7},"1":{"name":"resolveDirPath","decl":{"start":{"line":11,"column":9},"end":{"line":11,"column":23}},"loc":{"start":{"line":11,"column":29},"end":{"line":16,"column":1}},"line":11},"2":{"name":"getRootDir","decl":{"start":{"line":18,"column":9},"end":{"line":18,"column":19}},"loc":{"start":{"line":18,"column":22},"end":{"line":37,"column":1}},"line":18},"3":{"name":"readAndParseTsConfig","decl":{"start":{"line":39,"column":9},"end":{"line":39,"column":29}},"loc":{"start":{"line":39,"column":44},"end":{"line":43,"column":1}},"line":39},"4":{"name":"resolveRoot","decl":{"start":{"line":45,"column":9},"end":{"line":45,"column":20}},"loc":{"start":{"line":45,"column":39},"end":{"line":71,"column":1}},"line":45},"5":{"name":"resolveAlias","decl":{"start":{"line":73,"column":9},"end":{"line":73,"column":21}},"loc":{"start":{"line":73,"column":39},"end":{"line":85,"column":1}},"line":73},"6":{"name":"setModuleResolverPluginForTsConfig","decl":{"start":{"line":94,"column":9},"end":{"line":94,"column":43}},"loc":{"start":{"line":94,"column":57},"end":{"line":152,"column":1}},"line":94},"7":{"name":"(anonymous_7)","decl":{"start":{"line":126,"column":13},"end":{"line":126,"column":14}},"loc":{"start":{"line":126,"column":45},"end":{"line":137,"column":5}},"line":126}},"branchMap":{"0":{"loc":{"start":{"line":5,"column":12},"end":{"line":5,"column":44}},"type":"binary-expr","locations":[{"start":{"line":5,"column":12},"end":{"line":5,"column":27}},{"start":{"line":5,"column":31},"end":{"line":5,"column":44}}],"line":5},"1":{"loc":{"start":{"line":7,"column":19},"end":{"line":7,"column":31}},"type":"default-arg","locations":[{"start":{"line":7,"column":30},"end":{"line":7,"column":31}}],"line":7},"2":{"loc":{"start":{"line":12,"column":2},"end":{"line":14,"column":3}},"type":"if","locations":[{"start":{"line":12,"column":2},"end":{"line":14,"column":3}},{"start":{},"end":{}}],"line":12},"3":{"loc":{"start":{"line":22,"column":2},"end":{"line":30,"column":3}},"type":"if","locations":[{"start":{"line":22,"column":2},"end":{"line":30,"column":3}},{"start":{},"end":{}}],"line":22},"4":{"loc":{"start":{"line":24,"column":4},"end":{"line":26,"column":5}},"type":"if","locations":[{"start":{"line":24,"column":4},"end":{"line":26,"column":5}},{"start":{},"end":{}}],"line":24},"5":{"loc":{"start":{"line":36,"column":9},"end":{"line":36,"column":52}},"type":"binary-expr","locations":[{"start":{"line":36,"column":9},"end":{"line":36,"column":45}},{"start":{"line":36,"column":49},"end":{"line":36,"column":52}}],"line":36},"6":{"loc":{"start":{"line":47,"column":2},"end":{"line":53,"column":3}},"type":"if","locations":[{"start":{"line":47,"column":2},"end":{"line":53,"column":3}},{"start":{},"end":{}}],"line":47},"7":{"loc":{"start":{"line":47,"column":6},"end":{"line":47,"column":49}},"type":"binary-expr","locations":[{"start":{"line":47,"column":6},"end":{"line":47,"column":12}},{"start":{"line":47,"column":16},"end":{"line":47,"column":49}}],"line":47},"8":{"loc":{"start":{"line":49,"column":4},"end":{"line":51,"column":5}},"type":"if","locations":[{"start":{"line":49,"column":4},"end":{"line":51,"column":5}},{"start":{},"end":{}}],"line":49},"9":{"loc":{"start":{"line":52,"column":11},"end":{"line":52,"column":29}},"type":"cond-expr","locations":[{"start":{"line":52,"column":18},"end":{"line":52,"column":24}},{"start":{"line":52,"column":27},"end":{"line":52,"column":29}}],"line":52},"10":{"loc":{"start":{"line":57,"column":2},"end":{"line":61,"column":3}},"type":"if","locations":[{"start":{"line":57,"column":2},"end":{"line":61,"column":3}},{"start":{"line":59,"column":9},"end":{"line":61,"column":3}}],"line":57},"11":{"loc":{"start":{"line":57,"column":6},"end":{"line":57,"column":47}},"type":"binary-expr","locations":[{"start":{"line":57,"column":6},"end":{"line":57,"column":12}},{"start":{"line":57,"column":16},"end":{"line":57,"column":47}}],"line":57},"12":{"loc":{"start":{"line":59,"column":9},"end":{"line":61,"column":3}},"type":"if","locations":[{"start":{"line":59,"column":9},"end":{"line":61,"column":3}},{"start":{},"end":{}}],"line":59},"13":{"loc":{"start":{"line":59,"column":13},"end":{"line":59,"column":49}},"type":"binary-expr","locations":[{"start":{"line":59,"column":13},"end":{"line":59,"column":19}},{"start":{"line":59,"column":23},"end":{"line":59,"column":49}}],"line":59},"14":{"loc":{"start":{"line":63,"column":2},"end":{"line":68,"column":3}},"type":"if","locations":[{"start":{"line":63,"column":2},"end":{"line":68,"column":3}},{"start":{},"end":{}}],"line":63},"15":{"loc":{"start":{"line":64,"column":4},"end":{"line":65,"column":68}},"type":"binary-expr","locations":[{"start":{"line":64,"column":4},"end":{"line":64,"column":36}},{"start":{"line":65,"column":4},"end":{"line":65,"column":68}}],"line":64},"16":{"loc":{"start":{"line":74,"column":2},"end":{"line":78,"column":3}},"type":"if","locations":[{"start":{"line":74,"column":2},"end":{"line":78,"column":3}},{"start":{},"end":{}}],"line":74},"17":{"loc":{"start":{"line":94,"column":44},"end":{"line":94,"column":55}},"type":"default-arg","locations":[{"start":{"line":94,"column":53},"end":{"line":94,"column":55}}],"line":94},"18":{"loc":{"start":{"line":98,"column":2},"end":{"line":103,"column":3}},"type":"if","locations":[{"start":{"line":98,"column":2},"end":{"line":103,"column":3}},{"start":{},"end":{}}],"line":98},"19":{"loc":{"start":{"line":98,"column":6},"end":{"line":98,"column":52}},"type":"binary-expr","locations":[{"start":{"line":98,"column":6},"end":{"line":98,"column":18}},{"start":{"line":98,"column":22},"end":{"line":98,"column":52}}],"line":98},"20":{"loc":{"start":{"line":105,"column":17},"end":{"line":105,"column":73}},"type":"binary-expr","locations":[{"start":{"line":105,"column":17},"end":{"line":105,"column":29}},{"start":{"line":105,"column":33},"end":{"line":105,"column":73}}],"line":105},"21":{"loc":{"start":{"line":107,"column":2},"end":{"line":109,"column":3}},"type":"if","locations":[{"start":{"line":107,"column":2},"end":{"line":109,"column":3}},{"start":{},"end":{}}],"line":107},"22":{"loc":{"start":{"line":118,"column":2},"end":{"line":120,"column":3}},"type":"if","locations":[{"start":{"line":118,"column":2},"end":{"line":120,"column":3}},{"start":{},"end":{}}],"line":118},"23":{"loc":{"start":{"line":123,"column":2},"end":{"line":143,"column":3}},"type":"if","locations":[{"start":{"line":123,"column":2},"end":{"line":143,"column":3}},{"start":{},"end":{}}],"line":123},"24":{"loc":{"start":{"line":123,"column":6},"end":{"line":123,"column":64}},"type":"binary-expr","locations":[{"start":{"line":123,"column":6},"end":{"line":123,"column":30}},{"start":{"line":123,"column":34},"end":{"line":123,"column":64}}],"line":123},"25":{"loc":{"start":{"line":127,"column":6},"end":{"line":132,"column":7}},"type":"if","locations":[{"start":{"line":127,"column":6},"end":{"line":132,"column":7}},{"start":{},"end":{}}],"line":127}},"s":{"0":1,"1":1,"2":1,"3":1,"4":36,"5":11,"6":1,"7":10,"8":3,"9":3,"10":2,"11":2,"12":1,"13":1,"14":1,"15":13,"16":13,"17":13,"18":2,"19":2,"20":1,"21":1,"22":11,"23":11,"24":2,"25":9,"26":1,"27":11,"28":10,"29":11,"30":25,"31":12,"32":13,"33":14,"34":14,"35":11,"36":14,"37":14,"38":1,"39":13,"40":13,"41":13,"42":13,"43":13,"44":13,"45":13,"46":26,"47":25,"48":1,"49":12,"50":12,"51":1},"f":{"0":36,"1":11,"2":3,"3":13,"4":13,"5":25,"6":14,"7":26},"b":{"0":[1,0],"1":[36],"2":[1,10],"3":[2,1],"4":[1,1],"5":[1,0],"6":[2,11],"7":[13,13],"8":[1,1],"9":[1,0],"10":[2,9],"11":[11,11],"12":[1,8],"13":[9,9],"14":[10,1],"15":[11,11],"16":[12,13],"17":[3],"18":[11,3],"19":[14,11],"20":[14,3],"21":[1,13],"22":[13,0],"23":[13,0],"24":[13,13],"25":[25,1]},"_coverageSchema":"1a1c01bbd47fc00a2c39e90264f33305004495a9","hash":"6a1f91521800d4baff7ab67e09b1ba97948ee9bd"}
}
