TN:
SF:lib/index.js
FN:7,last
FN:11,resolveDirPath
FN:18,getRootDir
FN:39,readAndParseTsConfig
FN:45,resolveRoot
FN:73,resolveAlias
FN:94,setModuleResolverPluginForTsConfig
FN:126,(anonymous_7)
FNF:8
FNH:8
FNDA:36,last
FNDA:11,resolveDirPath
FNDA:3,getRootDir
FNDA:13,readAndParseTsConfig
FNDA:13,resolveRoot
FNDA:25,resolveAlias
FNDA:14,setModuleResolverPluginForTsConfig
FNDA:26,(anonymous_7)
DA:1,1
DA:2,1
DA:3,1
DA:5,1
DA:8,36
DA:12,11
DA:13,1
DA:15,10
DA:19,3
DA:22,3
DA:23,2
DA:24,2
DA:25,1
DA:27,1
DA:36,1
DA:40,13
DA:42,13
DA:47,13
DA:48,2
DA:49,2
DA:50,1
DA:52,1
DA:56,11
DA:57,11
DA:58,2
DA:59,9
DA:60,1
DA:63,11
DA:67,10
DA:70,11
DA:74,25
DA:75,12
DA:82,13
DA:96,14
DA:98,14
DA:99,11
DA:105,14
DA:107,14
DA:108,1
DA:111,13
DA:113,13
DA:116,13
DA:118,13
DA:119,13
DA:123,13
DA:124,13
DA:127,26
DA:128,25
DA:134,1
DA:139,12
DA:145,12
DA:154,1
LF:52
LH:52
BRDA:5,0,0,1
BRDA:5,0,1,0
BRDA:7,1,0,36
BRDA:12,2,0,1
BRDA:12,2,1,10
BRDA:22,3,0,2
BRDA:22,3,1,1
BRDA:24,4,0,1
BRDA:24,4,1,1
BRDA:36,5,0,1
BRDA:36,5,1,0
BRDA:47,6,0,2
BRDA:47,6,1,11
BRDA:47,7,0,13
BRDA:47,7,1,13
BRDA:49,8,0,1
BRDA:49,8,1,1
BRDA:52,9,0,1
BRDA:52,9,1,0
BRDA:57,10,0,2
BRDA:57,10,1,9
BRDA:57,11,0,11
BRDA:57,11,1,11
BRDA:59,12,0,1
BRDA:59,12,1,8
BRDA:59,13,0,9
BRDA:59,13,1,9
BRDA:63,14,0,10
BRDA:63,14,1,1
BRDA:64,15,0,11
BRDA:64,15,1,11
BRDA:74,16,0,12
BRDA:74,16,1,13
BRDA:94,17,0,3
BRDA:98,18,0,11
BRDA:98,18,1,3
BRDA:98,19,0,14
BRDA:98,19,1,11
BRDA:105,20,0,14
BRDA:105,20,1,3
BRDA:107,21,0,1
BRDA:107,21,1,13
BRDA:118,22,0,13
BRDA:118,22,1,0
BRDA:123,23,0,13
BRDA:123,23,1,0
BRDA:123,24,0,13
BRDA:123,24,1,13
BRDA:127,25,0,25
BRDA:127,25,1,1
BRF:50
BRH:45
end_of_record
